<?xml version="1.0" encoding="UTF-8"?>
<!-- Generated by org.testng.reporters.JUnitXMLReporter -->
<testsuite hostname="LAPTOP-TC3JOF38" ignored="0" name="Default test" tests="3" failures="0" timestamp="2023-03-28T19:23:10 IST" time="0.123" errors="0">
  <testcase name="setupDemo" time="0.015" classname="Annotation.AnnotationDemo"/>
  <testcase name="setupDemo2" time="0.001" classname="Annotation.AnnotationDemo"/>
  <testcase name="setupDemo3" time="0.012" classname="Annotation.AnnotationDemo"/>
</testsuite> <!-- Default test -->
